0 verbose cli /opt/homebrew/Cellar/node/25.8.0/bin/node /opt/homebrew/bin/npm
1 info using npm@11.11.0
2 info using node@v25.8.0
3 silly config load:file:/opt/homebrew/lib/node_modules/npm/npmrc
4 silly config load:file:/Users/claw/mothership-main/.npmrc
5 silly config load:file:/Users/claw/mothership-main/.sandbox-home/.npmrc
6 silly config load:file:/opt/homebrew/etc/npmrc
7 verbose title npm test
8 verbose argv "test"
9 verbose logfile logs-max:10 dir:/Users/claw/mothership-main/.sandbox-home/.npm/_logs/2026-04-10T08_06_33_145Z-
10 verbose logfile /Users/claw/mothership-main/.sandbox-home/.npm/_logs/2026-04-10T08_06_33_145Z-debug-0.log
11 silly logfile done cleaning log files
12 verbose stack Error: Missing script: "test"
12 verbose stack
12 verbose stack To see a list of scripts, run:
12 verbose stack   npm run
12 verbose stack     at #run (/opt/homebrew/lib/node_modules/npm/lib/commands/run.js:115:13)
12 verbose stack     at async RunScript.exec (/opt/homebrew/lib/node_modules/npm/lib/commands/run.js:44:7)
12 verbose stack     at async Npm.exec (/opt/homebrew/lib/node_modules/npm/lib/npm.js:209:9)
12 verbose stack     at async module.exports (/opt/homebrew/lib/node_modules/npm/lib/cli/entry.js:67:5)
13 error Missing script: "test"
13 error
13 error To see a list of scripts, run:
13 error   npm run
14 verbose cwd /Users/claw/mothership-main
15 verbose os Darwin 25.2.0
16 verbose node v25.8.0
17 verbose npm  v11.11.0
18 verbose exit 1
19 verbose code 1
20 error A complete log of this run can be found in: /Users/claw/mothership-main/.sandbox-home/.npm/_logs/2026-04-10T08_06_33_145Z-debug-0.log
